<?xml version="1.0" encoding="UTF-8"?>
<!-- Generated by org.testng.reporters.JUnitXMLReporter -->
<testsuite ignored="0" hostname="LTIN511242" failures="0" tests="5" name="Default test" time="12.336" errors="0" timestamp="2024-07-22T11:14:29 IST">
  <testcase classname="RentalApi.endToEnd" name="register" time="4.529"/>
  <testcase classname="RentalApi.endToEnd" name="creatingOrder" time="1.393"/>
  <testcase classname="RentalApi.endToEnd" name="gettingOrder" time="1.277"/>
  <testcase classname="RentalApi.endToEnd" name="updatingOrder" time="2.541"/>
  <testcase classname="RentalApi.endToEnd" name="deletingOrder" time="2.535"/>
</testsuite> <!-- Default test -->
